03-Mar-2025 14:32:02.978 INFO [main] org.apache.catalina.startup.VersionLoggerListener.log Server version name:   Apache Tomcat/9.0.89
03-Mar-2025 14:32:02.986 INFO [main] org.apache.catalina.startup.VersionLoggerListener.log Server built:          May 3 2024 20:22:11 UTC
03-Mar-2025 14:32:02.987 INFO [main] org.apache.catalina.startup.VersionLoggerListener.log Server version number: 9.0.89.0
03-Mar-2025 14:32:02.987 INFO [main] org.apache.catalina.startup.VersionLoggerListener.log OS Name:               Windows 11
03-Mar-2025 14:32:02.987 INFO [main] org.apache.catalina.startup.VersionLoggerListener.log OS Version:            10.0
03-Mar-2025 14:32:02.987 INFO [main] org.apache.catalina.startup.VersionLoggerListener.log Architecture:          amd64
03-Mar-2025 14:32:02.989 INFO [main] org.apache.catalina.startup.VersionLoggerListener.log Java Home:             C:\Program Files\Java\jdk-23
03-Mar-2025 14:32:02.989 INFO [main] org.apache.catalina.startup.VersionLoggerListener.log JVM Version:           23.0.1+11-39
03-Mar-2025 14:32:02.989 INFO [main] org.apache.catalina.startup.VersionLoggerListener.log JVM Vendor:            Oracle Corporation
03-Mar-2025 14:32:02.989 INFO [main] org.apache.catalina.startup.VersionLoggerListener.log CATALINA_BASE:         C:\LIFELINE-MEDICAL ASSISTANT PROJECT\apache-tomcat-9.0.89
03-Mar-2025 14:32:02.989 INFO [main] org.apache.catalina.startup.VersionLoggerListener.log CATALINA_HOME:         C:\LIFELINE-MEDICAL ASSISTANT PROJECT\apache-tomcat-9.0.89
03-Mar-2025 14:32:03.005 INFO [main] org.apache.catalina.startup.VersionLoggerListener.log Command line argument: --add-opens=java.base/java.lang=ALL-UNNAMED
03-Mar-2025 14:32:03.005 INFO [main] org.apache.catalina.startup.VersionLoggerListener.log Command line argument: --add-opens=java.base/java.io=ALL-UNNAMED
03-Mar-2025 14:32:03.005 INFO [main] org.apache.catalina.startup.VersionLoggerListener.log Command line argument: --add-opens=java.base/java.util=ALL-UNNAMED
03-Mar-2025 14:32:03.006 INFO [main] org.apache.catalina.startup.VersionLoggerListener.log Command line argument: --add-opens=java.base/java.util.concurrent=ALL-UNNAMED
03-Mar-2025 14:32:03.006 INFO [main] org.apache.catalina.startup.VersionLoggerListener.log Command line argument: --add-opens=java.rmi/sun.rmi.transport=ALL-UNNAMED
03-Mar-2025 14:32:03.006 INFO [main] org.apache.catalina.startup.VersionLoggerListener.log Command line argument: -Djava.util.logging.config.file=C:\LIFELINE-MEDICAL ASSISTANT PROJECT\apache-tomcat-9.0.89\conf\logging.properties
03-Mar-2025 14:32:03.007 INFO [main] org.apache.catalina.startup.VersionLoggerListener.log Command line argument: -Djava.util.logging.manager=org.apache.juli.ClassLoaderLogManager
03-Mar-2025 14:32:03.007 INFO [main] org.apache.catalina.startup.VersionLoggerListener.log Command line argument: -Djdk.tls.ephemeralDHKeySize=2048
03-Mar-2025 14:32:03.008 INFO [main] org.apache.catalina.startup.VersionLoggerListener.log Command line argument: -Djava.protocol.handler.pkgs=org.apache.catalina.webresources
03-Mar-2025 14:32:03.008 INFO [main] org.apache.catalina.startup.VersionLoggerListener.log Command line argument: -Dignore.endorsed.dirs=
03-Mar-2025 14:32:03.009 INFO [main] org.apache.catalina.startup.VersionLoggerListener.log Command line argument: -Dcatalina.base=C:\LIFELINE-MEDICAL ASSISTANT PROJECT\apache-tomcat-9.0.89
03-Mar-2025 14:32:03.009 INFO [main] org.apache.catalina.startup.VersionLoggerListener.log Command line argument: -Dcatalina.home=C:\LIFELINE-MEDICAL ASSISTANT PROJECT\apache-tomcat-9.0.89
03-Mar-2025 14:32:03.009 INFO [main] org.apache.catalina.startup.VersionLoggerListener.log Command line argument: -Djava.io.tmpdir=C:\LIFELINE-MEDICAL ASSISTANT PROJECT\apache-tomcat-9.0.89\temp
03-Mar-2025 14:32:03.030 INFO [main] org.apache.catalina.core.AprLifecycleListener.lifecycleEvent The Apache Tomcat Native library which allows using OpenSSL was not found on the java.library.path: [C:\Program Files\Java\jdk-23\bin;C:\WINDOWS\Sun\Java\bin;C:\WINDOWS\system32;C:\WINDOWS;C:\Program Files\Java\jdk-23\bin;C:\WINDOWS\system32;C:\WINDOWS;C:\WINDOWS\System32\Wbem;C:\WINDOWS\System32\WindowsPowerShell\v1.0\;C:\WINDOWS\System32\OpenSSH\;C:\Program Files\Git\cmd;C:\Program Files\nodejs\;C:\Program Files\MySQL\MySQL Server 8.0\bin;C:\Program Files\Java\jdk-13\bin;C:\LIFELINE-MEDICAL ASSISTANT PROJECT\apache-ant-1.10.15-bin (2)\apache-ant-1.10.15\bin;C:\LIFELINE-MEDICAL ASSISTANT PROJECT\apache-ant-1.10.15-bin (2)\apache-ant-1.10.15\bin;C:\Program Files\Java\jdk-23\bin;C:\Users\roshi\AppData\Local\Programs\Python\Python313\Scripts;C:\Users\roshi\AppData\Local\Programs\Python\Launcher\;C:\Program Files\Common Files\Oracle\Java\javapath;C:\Windows\system32;C:\Windows;C:\Windows\System32\Wbem;C:\Windows\System32\WindowsPowerShell\v1.0\;C:\Windows\System32\OpenSSH\;C:\Program Files\Git\cmd;C:\Program Files\Java\jdk-23\bin;C:\Program Files\nodejs\;C:\Program Files\MySQL\MySQL Server 8.0\bin;C:\Program Files\Java\jdk-13\bin;C:\LIFELINE-MEDICAL ASSISTANT PROJECT\apache-ant-1.10.15-bin (2)\apache-ant-1.10.15\bin;C:\Users\roshi\AppData\Local\Microsoft\WindowsApps;C:\Users\roshi\AppData\Local\Programs\Microsoft VS Code\bin;C:\Users\roshi\AppData\Roaming\npm;C:\apache-ant-1.10.15\bin;;C:\apache-ant\bin;%USERPROFILE%\AppData\Local\Microsoft\WindowsApps;.]
03-Mar-2025 14:32:03.658 INFO [main] org.apache.coyote.AbstractProtocol.init Initializing ProtocolHandler ["http-nio-8080"]
03-Mar-2025 14:32:03.700 INFO [main] org.apache.catalina.startup.Catalina.load Server initialization in [1076] milliseconds
03-Mar-2025 14:32:03.785 INFO [main] org.apache.catalina.core.StandardService.startInternal Starting service [Catalina]
03-Mar-2025 14:32:03.785 INFO [main] org.apache.catalina.core.StandardEngine.startInternal Starting Servlet engine: [Apache Tomcat/9.0.89]
03-Mar-2025 14:32:03.801 INFO [main] org.apache.catalina.startup.HostConfig.deployDescriptor Deploying deployment descriptor [C:\LIFELINE-MEDICAL ASSISTANT PROJECT\apache-tomcat-9.0.89\conf\Catalina\localhost\LIFELINE-MEDICAL_ASSISTANT_PROJECT.xml]
03-Mar-2025 14:32:03.827 WARNING [main] org.apache.catalina.startup.HostConfig.deployDescriptor The path attribute with value [/LIFELINE-MEDICAL_ASSISTANT_PROJECT] in deployment descriptor [C:\LIFELINE-MEDICAL ASSISTANT PROJECT\apache-tomcat-9.0.89\conf\Catalina\localhost\LIFELINE-MEDICAL_ASSISTANT_PROJECT.xml] has been ignored
03-Mar-2025 14:32:05.157 INFO [main] org.apache.jasper.servlet.TldScanner.scanJars At least one JAR was scanned for TLDs yet contained no TLDs. Enable debug logging for this logger for a complete list of JARs that were scanned but no TLDs were found in them. Skipping unneeded JARs during scanning can improve startup time and JSP compilation time.
03-Mar-2025 14:32:05.270 INFO [main] org.apache.catalina.startup.HostConfig.deployDescriptor Deployment of deployment descriptor [C:\LIFELINE-MEDICAL ASSISTANT PROJECT\apache-tomcat-9.0.89\conf\Catalina\localhost\LIFELINE-MEDICAL_ASSISTANT_PROJECT.xml] has finished in [1,468] ms
03-Mar-2025 14:32:05.279 INFO [main] org.apache.catalina.startup.HostConfig.deployWAR Deploying web application archive [C:\LIFELINE-MEDICAL ASSISTANT PROJECT\apache-tomcat-9.0.89\webapps\HospitalManagementSystem.war]
03-Mar-2025 14:32:06.226 INFO [main] org.apache.jasper.servlet.TldScanner.scanJars At least one JAR was scanned for TLDs yet contained no TLDs. Enable debug logging for this logger for a complete list of JARs that were scanned but no TLDs were found in them. Skipping unneeded JARs during scanning can improve startup time and JSP compilation time.
03-Mar-2025 14:32:06.245 INFO [main] org.apache.catalina.startup.HostConfig.deployWAR Deployment of web application archive [C:\LIFELINE-MEDICAL ASSISTANT PROJECT\apache-tomcat-9.0.89\webapps\HospitalManagementSystem.war] has finished in [965] ms
03-Mar-2025 14:32:06.246 INFO [main] org.apache.catalina.startup.HostConfig.deployDirectory Deploying web application directory [C:\LIFELINE-MEDICAL ASSISTANT PROJECT\apache-tomcat-9.0.89\webapps\docs]
03-Mar-2025 14:32:06.782 INFO [main] org.apache.jasper.servlet.TldScanner.scanJars At least one JAR was scanned for TLDs yet contained no TLDs. Enable debug logging for this logger for a complete list of JARs that were scanned but no TLDs were found in them. Skipping unneeded JARs during scanning can improve startup time and JSP compilation time.
03-Mar-2025 14:32:06.786 INFO [main] org.apache.catalina.startup.HostConfig.deployDirectory Deployment of web application directory [C:\LIFELINE-MEDICAL ASSISTANT PROJECT\apache-tomcat-9.0.89\webapps\docs] has finished in [540] ms
03-Mar-2025 14:32:06.787 INFO [main] org.apache.catalina.startup.HostConfig.deployDirectory Deploying web application directory [C:\LIFELINE-MEDICAL ASSISTANT PROJECT\apache-tomcat-9.0.89\webapps\examples]
03-Mar-2025 14:32:07.905 INFO [main] org.apache.jasper.servlet.TldScanner.scanJars At least one JAR was scanned for TLDs yet contained no TLDs. Enable debug logging for this logger for a complete list of JARs that were scanned but no TLDs were found in them. Skipping unneeded JARs during scanning can improve startup time and JSP compilation time.
03-Mar-2025 14:32:08.030 INFO [main] org.apache.catalina.startup.HostConfig.deployDirectory Deployment of web application directory [C:\LIFELINE-MEDICAL ASSISTANT PROJECT\apache-tomcat-9.0.89\webapps\examples] has finished in [1,242] ms
03-Mar-2025 14:32:08.030 INFO [main] org.apache.catalina.startup.HostConfig.deployDirectory Deploying web application directory [C:\LIFELINE-MEDICAL ASSISTANT PROJECT\apache-tomcat-9.0.89\webapps\host-manager]
03-Mar-2025 14:32:08.764 INFO [main] org.apache.jasper.servlet.TldScanner.scanJars At least one JAR was scanned for TLDs yet contained no TLDs. Enable debug logging for this logger for a complete list of JARs that were scanned but no TLDs were found in them. Skipping unneeded JARs during scanning can improve startup time and JSP compilation time.
03-Mar-2025 14:32:08.779 INFO [main] org.apache.catalina.startup.HostConfig.deployDirectory Deployment of web application directory [C:\LIFELINE-MEDICAL ASSISTANT PROJECT\apache-tomcat-9.0.89\webapps\host-manager] has finished in [748] ms
03-Mar-2025 14:32:08.779 INFO [main] org.apache.catalina.startup.HostConfig.deployDirectory Deploying web application directory [C:\LIFELINE-MEDICAL ASSISTANT PROJECT\apache-tomcat-9.0.89\webapps\manager]
03-Mar-2025 14:32:09.407 INFO [main] org.apache.jasper.servlet.TldScanner.scanJars At least one JAR was scanned for TLDs yet contained no TLDs. Enable debug logging for this logger for a complete list of JARs that were scanned but no TLDs were found in them. Skipping unneeded JARs during scanning can improve startup time and JSP compilation time.
03-Mar-2025 14:32:09.424 INFO [main] org.apache.catalina.startup.HostConfig.deployDirectory Deployment of web application directory [C:\LIFELINE-MEDICAL ASSISTANT PROJECT\apache-tomcat-9.0.89\webapps\manager] has finished in [645] ms
03-Mar-2025 14:32:09.425 INFO [main] org.apache.catalina.startup.HostConfig.deployDirectory Deploying web application directory [C:\LIFELINE-MEDICAL ASSISTANT PROJECT\apache-tomcat-9.0.89\webapps\ROOT]
03-Mar-2025 14:32:10.114 INFO [main] org.apache.jasper.servlet.TldScanner.scanJars At least one JAR was scanned for TLDs yet contained no TLDs. Enable debug logging for this logger for a complete list of JARs that were scanned but no TLDs were found in them. Skipping unneeded JARs during scanning can improve startup time and JSP compilation time.
03-Mar-2025 14:32:10.118 INFO [main] org.apache.catalina.startup.HostConfig.deployDirectory Deployment of web application directory [C:\LIFELINE-MEDICAL ASSISTANT PROJECT\apache-tomcat-9.0.89\webapps\ROOT] has finished in [693] ms
03-Mar-2025 14:32:10.125 INFO [main] org.apache.coyote.AbstractProtocol.start Starting ProtocolHandler ["http-nio-8080"]
03-Mar-2025 14:32:10.180 INFO [main] org.apache.catalina.startup.Catalina.start Server startup in [6477] milliseconds
