15-Mar-2025 17:38:21.121 INFO [main] org.apache.catalina.startup.VersionLoggerListener.log Server version name:   Apache Tomcat/9.0.89
15-Mar-2025 17:38:21.129 INFO [main] org.apache.catalina.startup.VersionLoggerListener.log Server built:          May 3 2024 20:22:11 UTC
15-Mar-2025 17:38:21.129 INFO [main] org.apache.catalina.startup.VersionLoggerListener.log Server version number: 9.0.89.0
15-Mar-2025 17:38:21.129 INFO [main] org.apache.catalina.startup.VersionLoggerListener.log OS Name:               Windows 11
15-Mar-2025 17:38:21.130 INFO [main] org.apache.catalina.startup.VersionLoggerListener.log OS Version:            10.0
15-Mar-2025 17:38:21.130 INFO [main] org.apache.catalina.startup.VersionLoggerListener.log Architecture:          amd64
15-Mar-2025 17:38:21.130 INFO [main] org.apache.catalina.startup.VersionLoggerListener.log Java Home:             C:\Program Files\Java\jdk-23
15-Mar-2025 17:38:21.130 INFO [main] org.apache.catalina.startup.VersionLoggerListener.log JVM Version:           23.0.1+11-39
15-Mar-2025 17:38:21.130 INFO [main] org.apache.catalina.startup.VersionLoggerListener.log JVM Vendor:            Oracle Corporation
15-Mar-2025 17:38:21.130 INFO [main] org.apache.catalina.startup.VersionLoggerListener.log CATALINA_BASE:         C:\LIFELINE-MEDICAL ASSISTANT PROJECT\apache-tomcat-9.0.89
15-Mar-2025 17:38:21.131 INFO [main] org.apache.catalina.startup.VersionLoggerListener.log CATALINA_HOME:         C:\LIFELINE-MEDICAL ASSISTANT PROJECT\apache-tomcat-9.0.89
15-Mar-2025 17:38:21.145 INFO [main] org.apache.catalina.startup.VersionLoggerListener.log Command line argument: --add-opens=java.base/java.lang=ALL-UNNAMED
15-Mar-2025 17:38:21.146 INFO [main] org.apache.catalina.startup.VersionLoggerListener.log Command line argument: --add-opens=java.base/java.io=ALL-UNNAMED
15-Mar-2025 17:38:21.146 INFO [main] org.apache.catalina.startup.VersionLoggerListener.log Command line argument: --add-opens=java.base/java.util=ALL-UNNAMED
15-Mar-2025 17:38:21.146 INFO [main] org.apache.catalina.startup.VersionLoggerListener.log Command line argument: --add-opens=java.base/java.util.concurrent=ALL-UNNAMED
15-Mar-2025 17:38:21.146 INFO [main] org.apache.catalina.startup.VersionLoggerListener.log Command line argument: --add-opens=java.rmi/sun.rmi.transport=ALL-UNNAMED
15-Mar-2025 17:38:21.146 INFO [main] org.apache.catalina.startup.VersionLoggerListener.log Command line argument: -Djava.util.logging.config.file=C:\LIFELINE-MEDICAL ASSISTANT PROJECT\apache-tomcat-9.0.89\conf\logging.properties
15-Mar-2025 17:38:21.147 INFO [main] org.apache.catalina.startup.VersionLoggerListener.log Command line argument: -Djava.util.logging.manager=org.apache.juli.ClassLoaderLogManager
15-Mar-2025 17:38:21.147 INFO [main] org.apache.catalina.startup.VersionLoggerListener.log Command line argument: -Djdk.tls.ephemeralDHKeySize=2048
15-Mar-2025 17:38:21.147 INFO [main] org.apache.catalina.startup.VersionLoggerListener.log Command line argument: -Djava.protocol.handler.pkgs=org.apache.catalina.webresources
15-Mar-2025 17:38:21.147 INFO [main] org.apache.catalina.startup.VersionLoggerListener.log Command line argument: -Dignore.endorsed.dirs=
15-Mar-2025 17:38:21.147 INFO [main] org.apache.catalina.startup.VersionLoggerListener.log Command line argument: -Dcatalina.base=C:\LIFELINE-MEDICAL ASSISTANT PROJECT\apache-tomcat-9.0.89
15-Mar-2025 17:38:21.148 INFO [main] org.apache.catalina.startup.VersionLoggerListener.log Command line argument: -Dcatalina.home=C:\LIFELINE-MEDICAL ASSISTANT PROJECT\apache-tomcat-9.0.89
15-Mar-2025 17:38:21.148 INFO [main] org.apache.catalina.startup.VersionLoggerListener.log Command line argument: -Djava.io.tmpdir=C:\LIFELINE-MEDICAL ASSISTANT PROJECT\apache-tomcat-9.0.89\temp
15-Mar-2025 17:38:21.166 INFO [main] org.apache.catalina.core.AprLifecycleListener.lifecycleEvent The Apache Tomcat Native library which allows using OpenSSL was not found on the java.library.path: [C:\Program Files\Java\jdk-23\bin;C:\WINDOWS\Sun\Java\bin;C:\WINDOWS\system32;C:\WINDOWS;C:\Program Files\Java\jdk-23\bin;C:\WINDOWS\system32;C:\WINDOWS;C:\WINDOWS\System32\Wbem;C:\WINDOWS\System32\WindowsPowerShell\v1.0\;C:\WINDOWS\System32\OpenSSH\;C:\Program Files\Git\cmd;C:\Program Files\nodejs\;C:\Program Files\MySQL\MySQL Server 8.0\bin;C:\Program Files\Java\jdk-13\bin;C:\LIFELINE-MEDICAL ASSISTANT PROJECT\apache-ant-1.10.15-bin (2)\apache-ant-1.10.15\bin;C:\LIFELINE-MEDICAL ASSISTANT PROJECT\apache-ant-1.10.15-bin (2)\apache-ant-1.10.15\bin;C:\Program Files\Java\jdk-23\bin;C:\Users\roshi\AppData\Local\Programs\Python\Python313\Scripts;C:\Users\roshi\AppData\Local\Programs\Python\Launcher\;C:\Program Files\Common Files\Oracle\Java\javapath;C:\Windows\system32;C:\Windows;C:\Windows\System32\Wbem;C:\Windows\System32\WindowsPowerShell\v1.0\;C:\Windows\System32\OpenSSH\;C:\Program Files\Git\cmd;C:\Program Files\Java\jdk-23\bin;C:\Program Files\nodejs\;C:\Program Files\MySQL\MySQL Server 8.0\bin;C:\Program Files\Java\jdk-13\bin;C:\LIFELINE-MEDICAL ASSISTANT PROJECT\apache-ant-1.10.15-bin (2)\apache-ant-1.10.15\bin;C:\Users\roshi\AppData\Local\Microsoft\WindowsApps;C:\Users\roshi\AppData\Local\Programs\Microsoft VS Code\bin;C:\Users\roshi\AppData\Roaming\npm;C:\apache-ant-1.10.15\bin;;C:\apache-ant\bin;%USERPROFILE%\AppData\Local\Microsoft\WindowsApps;.]
15-Mar-2025 17:38:21.801 INFO [main] org.apache.coyote.AbstractProtocol.init Initializing ProtocolHandler ["http-nio-8080"]
15-Mar-2025 17:38:21.838 INFO [main] org.apache.catalina.startup.Catalina.load Server initialization in [1073] milliseconds
15-Mar-2025 17:38:21.925 INFO [main] org.apache.catalina.core.StandardService.startInternal Starting service [Catalina]
15-Mar-2025 17:38:21.925 INFO [main] org.apache.catalina.core.StandardEngine.startInternal Starting Servlet engine: [Apache Tomcat/9.0.89]
15-Mar-2025 17:38:21.944 INFO [main] org.apache.catalina.startup.HostConfig.deployDescriptor Deploying deployment descriptor [C:\LIFELINE-MEDICAL ASSISTANT PROJECT\apache-tomcat-9.0.89\conf\Catalina\localhost\LIFELINE-MEDICAL_ASSISTANT_PROJECT.xml]
15-Mar-2025 17:38:21.972 WARNING [main] org.apache.catalina.startup.HostConfig.deployDescriptor The path attribute with value [/LIFELINE-MEDICAL_ASSISTANT_PROJECT] in deployment descriptor [C:\LIFELINE-MEDICAL ASSISTANT PROJECT\apache-tomcat-9.0.89\conf\Catalina\localhost\LIFELINE-MEDICAL_ASSISTANT_PROJECT.xml] has been ignored
15-Mar-2025 17:38:23.242 INFO [main] org.apache.jasper.servlet.TldScanner.scanJars At least one JAR was scanned for TLDs yet contained no TLDs. Enable debug logging for this logger for a complete list of JARs that were scanned but no TLDs were found in them. Skipping unneeded JARs during scanning can improve startup time and JSP compilation time.
15-Mar-2025 17:38:23.347 INFO [main] org.apache.catalina.startup.HostConfig.deployDescriptor Deployment of deployment descriptor [C:\LIFELINE-MEDICAL ASSISTANT PROJECT\apache-tomcat-9.0.89\conf\Catalina\localhost\LIFELINE-MEDICAL_ASSISTANT_PROJECT.xml] has finished in [1,405] ms
15-Mar-2025 17:38:23.360 INFO [main] org.apache.catalina.startup.HostConfig.deployWAR Deploying web application archive [C:\LIFELINE-MEDICAL ASSISTANT PROJECT\apache-tomcat-9.0.89\webapps\HospitalManagementSystem.war]
15-Mar-2025 17:38:24.267 INFO [main] org.apache.jasper.servlet.TldScanner.scanJars At least one JAR was scanned for TLDs yet contained no TLDs. Enable debug logging for this logger for a complete list of JARs that were scanned but no TLDs were found in them. Skipping unneeded JARs during scanning can improve startup time and JSP compilation time.
15-Mar-2025 17:38:24.273 INFO [main] org.apache.catalina.startup.HostConfig.deployWAR Deployment of web application archive [C:\LIFELINE-MEDICAL ASSISTANT PROJECT\apache-tomcat-9.0.89\webapps\HospitalManagementSystem.war] has finished in [913] ms
15-Mar-2025 17:38:24.274 INFO [main] org.apache.catalina.startup.HostConfig.deployDirectory Deploying web application directory [C:\LIFELINE-MEDICAL ASSISTANT PROJECT\apache-tomcat-9.0.89\webapps\docs]
15-Mar-2025 17:38:24.886 INFO [main] org.apache.jasper.servlet.TldScanner.scanJars At least one JAR was scanned for TLDs yet contained no TLDs. Enable debug logging for this logger for a complete list of JARs that were scanned but no TLDs were found in them. Skipping unneeded JARs during scanning can improve startup time and JSP compilation time.
15-Mar-2025 17:38:24.890 INFO [main] org.apache.catalina.startup.HostConfig.deployDirectory Deployment of web application directory [C:\LIFELINE-MEDICAL ASSISTANT PROJECT\apache-tomcat-9.0.89\webapps\docs] has finished in [616] ms
15-Mar-2025 17:38:24.890 INFO [main] org.apache.catalina.startup.HostConfig.deployDirectory Deploying web application directory [C:\LIFELINE-MEDICAL ASSISTANT PROJECT\apache-tomcat-9.0.89\webapps\examples]
15-Mar-2025 17:38:26.193 INFO [main] org.apache.jasper.servlet.TldScanner.scanJars At least one JAR was scanned for TLDs yet contained no TLDs. Enable debug logging for this logger for a complete list of JARs that were scanned but no TLDs were found in them. Skipping unneeded JARs during scanning can improve startup time and JSP compilation time.
15-Mar-2025 17:38:26.312 INFO [main] org.apache.catalina.startup.HostConfig.deployDirectory Deployment of web application directory [C:\LIFELINE-MEDICAL ASSISTANT PROJECT\apache-tomcat-9.0.89\webapps\examples] has finished in [1,422] ms
15-Mar-2025 17:38:26.312 INFO [main] org.apache.catalina.startup.HostConfig.deployDirectory Deploying web application directory [C:\LIFELINE-MEDICAL ASSISTANT PROJECT\apache-tomcat-9.0.89\webapps\host-manager]
15-Mar-2025 17:38:26.968 INFO [main] org.apache.jasper.servlet.TldScanner.scanJars At least one JAR was scanned for TLDs yet contained no TLDs. Enable debug logging for this logger for a complete list of JARs that were scanned but no TLDs were found in them. Skipping unneeded JARs during scanning can improve startup time and JSP compilation time.
15-Mar-2025 17:38:26.979 INFO [main] org.apache.catalina.startup.HostConfig.deployDirectory Deployment of web application directory [C:\LIFELINE-MEDICAL ASSISTANT PROJECT\apache-tomcat-9.0.89\webapps\host-manager] has finished in [667] ms
15-Mar-2025 17:38:26.979 INFO [main] org.apache.catalina.startup.HostConfig.deployDirectory Deploying web application directory [C:\LIFELINE-MEDICAL ASSISTANT PROJECT\apache-tomcat-9.0.89\webapps\manager]
15-Mar-2025 17:38:27.572 INFO [main] org.apache.jasper.servlet.TldScanner.scanJars At least one JAR was scanned for TLDs yet contained no TLDs. Enable debug logging for this logger for a complete list of JARs that were scanned but no TLDs were found in them. Skipping unneeded JARs during scanning can improve startup time and JSP compilation time.
15-Mar-2025 17:38:27.576 INFO [main] org.apache.catalina.startup.HostConfig.deployDirectory Deployment of web application directory [C:\LIFELINE-MEDICAL ASSISTANT PROJECT\apache-tomcat-9.0.89\webapps\manager] has finished in [596] ms
15-Mar-2025 17:38:27.576 INFO [main] org.apache.catalina.startup.HostConfig.deployDirectory Deploying web application directory [C:\LIFELINE-MEDICAL ASSISTANT PROJECT\apache-tomcat-9.0.89\webapps\ROOT]
15-Mar-2025 17:38:28.253 INFO [main] org.apache.jasper.servlet.TldScanner.scanJars At least one JAR was scanned for TLDs yet contained no TLDs. Enable debug logging for this logger for a complete list of JARs that were scanned but no TLDs were found in them. Skipping unneeded JARs during scanning can improve startup time and JSP compilation time.
15-Mar-2025 17:38:28.259 INFO [main] org.apache.catalina.startup.HostConfig.deployDirectory Deployment of web application directory [C:\LIFELINE-MEDICAL ASSISTANT PROJECT\apache-tomcat-9.0.89\webapps\ROOT] has finished in [682] ms
15-Mar-2025 17:38:28.266 INFO [main] org.apache.coyote.AbstractProtocol.start Starting ProtocolHandler ["http-nio-8080"]
15-Mar-2025 17:38:28.309 INFO [main] org.apache.catalina.startup.Catalina.start Server startup in [6468] milliseconds
15-Mar-2025 17:38:32.320 INFO [http-nio-8080-exec-3] org.apache.catalina.startup.HostConfig.undeploy Undeploying context [/LIFELINE-MEDICAL_ASSISTANT_PROJECT]
15-Mar-2025 17:38:32.373 INFO [http-nio-8080-exec-6] org.apache.catalina.startup.HostConfig.deployDescriptor Deploying deployment descriptor [C:\LIFELINE-MEDICAL ASSISTANT PROJECT\apache-tomcat-9.0.89\conf\Catalina\localhost\LIFELINE-MEDICAL_ASSISTANT_PROJECT.xml]
15-Mar-2025 17:38:32.375 WARNING [http-nio-8080-exec-6] org.apache.catalina.startup.HostConfig.deployDescriptor The path attribute with value [/LIFELINE-MEDICAL_ASSISTANT_PROJECT] in deployment descriptor [C:\LIFELINE-MEDICAL ASSISTANT PROJECT\apache-tomcat-9.0.89\conf\Catalina\localhost\LIFELINE-MEDICAL_ASSISTANT_PROJECT.xml] has been ignored
15-Mar-2025 17:38:33.065 INFO [http-nio-8080-exec-6] org.apache.jasper.servlet.TldScanner.scanJars At least one JAR was scanned for TLDs yet contained no TLDs. Enable debug logging for this logger for a complete list of JARs that were scanned but no TLDs were found in them. Skipping unneeded JARs during scanning can improve startup time and JSP compilation time.
15-Mar-2025 17:38:33.070 INFO [http-nio-8080-exec-6] org.apache.catalina.startup.HostConfig.deployDescriptor Deployment of deployment descriptor [C:\LIFELINE-MEDICAL ASSISTANT PROJECT\apache-tomcat-9.0.89\conf\Catalina\localhost\LIFELINE-MEDICAL_ASSISTANT_PROJECT.xml] has finished in [697] ms
15-Mar-2025 19:37:45.274 INFO [main] org.apache.catalina.core.StandardServer.await A valid shutdown command was received via the shutdown port. Stopping the Server instance.
15-Mar-2025 19:37:45.276 INFO [main] org.apache.coyote.AbstractProtocol.pause Pausing ProtocolHandler ["http-nio-8080"]
15-Mar-2025 19:37:45.285 INFO [main] org.apache.catalina.core.StandardService.stopInternal Stopping service [Catalina]
15-Mar-2025 19:37:45.306 WARNING [main] org.apache.catalina.loader.WebappClassLoaderBase.clearReferencesThreads The web application [ROOT] appears to have started a thread named [mysql-cj-abandoned-connection-cleanup] but has failed to stop it. This is very likely to create a memory leak. Stack trace of thread:
 java.base/java.io.WinNTFileSystem.canonicalize0(Native Method)
 java.base/java.io.WinNTFileSystem.canonicalize(WinNTFileSystem.java:493)
 java.base/java.io.File.getCanonicalPath(File.java:626)
 org.apache.catalina.webresources.AbstractFileResourceSet.file(AbstractFileResourceSet.java:94)
 org.apache.catalina.webresources.DirResourceSet.getResource(DirResourceSet.java:94)
 org.apache.catalina.webresources.StandardRoot.getResourceInternal(StandardRoot.java:272)
 org.apache.catalina.webresources.CachedResource.validateResource(CachedResource.java:105)
 org.apache.catalina.webresources.Cache.getResource(Cache.java:96)
 org.apache.catalina.webresources.StandardRoot.getResource(StandardRoot.java:211)
 org.apache.catalina.webresources.StandardRoot.getClassLoaderResource(StandardRoot.java:220)
 org.apache.catalina.loader.WebappClassLoaderBase.findResource(WebappClassLoaderBase.java:872)
 org.apache.catalina.loader.WebappClassLoaderBase.getResource(WebappClassLoaderBase.java:981)
 com.mysql.cj.jdbc.AbandonedConnectionCleanupThread.checkThreadContextClassLoader(AbandonedConnectionCleanupThread.java:116)
 com.mysql.cj.jdbc.AbandonedConnectionCleanupThread.run(AbandonedConnectionCleanupThread.java:83)
 java.base/java.util.concurrent.ThreadPoolExecutor.runWorker(ThreadPoolExecutor.java:1144)
 java.base/java.util.concurrent.ThreadPoolExecutor$Worker.run(ThreadPoolExecutor.java:642)
 java.base/java.lang.Thread.run(Thread.java:1575)
15-Mar-2025 19:37:45.346 INFO [main] org.apache.coyote.AbstractProtocol.stop Stopping ProtocolHandler ["http-nio-8080"]
15-Mar-2025 19:37:45.356 INFO [main] org.apache.coyote.AbstractProtocol.destroy Destroying ProtocolHandler ["http-nio-8080"]
