23-Feb-2025 07:56:47.108 INFO [main] org.apache.catalina.core.ApplicationContext.log ContextListener: contextInitialized()
23-Feb-2025 07:56:47.108 INFO [main] org.apache.catalina.core.ApplicationContext.log SessionListener: contextInitialized()
23-Feb-2025 07:56:47.111 INFO [main] org.apache.catalina.core.ApplicationContext.log ContextListener: attributeAdded('StockTicker', 'async.Stockticker@4a9e6faf')
23-Feb-2025 08:07:15.461 SEVERE [http-nio-8080-exec-4] org.apache.catalina.core.StandardWrapperValve.invoke Servlet.service() for servlet [Controller.UserLogin] in context with path [/HospitalManagementSystem] threw exception
	java.lang.RuntimeException: Uncompilable code - variable pw is already defined in method doPost(javax.servlet.http.HttpServletRequest,javax.servlet.http.HttpServletResponse)
		at Controller.UserLogin.doPost(UserLogin.java:1)
		at javax.servlet.http.HttpServlet.service(HttpServlet.java:555)
		at javax.servlet.http.HttpServlet.service(HttpServlet.java:623)
		at org.apache.catalina.core.ApplicationFilterChain.internalDoFilter(ApplicationFilterChain.java:199)
		at org.apache.catalina.core.ApplicationFilterChain.doFilter(ApplicationFilterChain.java:144)
		at org.apache.tomcat.websocket.server.WsFilter.doFilter(WsFilter.java:51)
		at org.apache.catalina.core.ApplicationFilterChain.internalDoFilter(ApplicationFilterChain.java:168)
		at org.apache.catalina.core.ApplicationFilterChain.doFilter(ApplicationFilterChain.java:144)
		at org.apache.catalina.core.StandardWrapperValve.invoke(StandardWrapperValve.java:168)
		at org.apache.catalina.core.StandardContextValve.invoke(StandardContextValve.java:90)
		at org.apache.catalina.authenticator.AuthenticatorBase.invoke(AuthenticatorBase.java:481)
		at org.apache.catalina.core.StandardHostValve.invoke(StandardHostValve.java:130)
		at org.apache.catalina.valves.ErrorReportValve.invoke(ErrorReportValve.java:93)
		at org.apache.catalina.valves.AbstractAccessLogValve.invoke(AbstractAccessLogValve.java:660)
		at org.apache.catalina.core.StandardEngineValve.invoke(StandardEngineValve.java:74)
		at org.apache.catalina.connector.CoyoteAdapter.service(CoyoteAdapter.java:346)
		at org.apache.coyote.http11.Http11Processor.service(Http11Processor.java:388)
		at org.apache.coyote.AbstractProcessorLight.process(AbstractProcessorLight.java:63)
		at org.apache.coyote.AbstractProtocol$ConnectionHandler.process(AbstractProtocol.java:928)
		at org.apache.tomcat.util.net.NioEndpoint$SocketProcessor.doRun(NioEndpoint.java:1791)
		at org.apache.tomcat.util.net.SocketProcessorBase.run(SocketProcessorBase.java:52)
		at org.apache.tomcat.util.threads.ThreadPoolExecutor.runWorker(ThreadPoolExecutor.java:1190)
		at org.apache.tomcat.util.threads.ThreadPoolExecutor$Worker.run(ThreadPoolExecutor.java:659)
		at org.apache.tomcat.util.threads.TaskThread$WrappingRunnable.run(TaskThread.java:63)
		at java.base/java.lang.Thread.run(Thread.java:1575)
23-Feb-2025 11:15:27.622 INFO [main] org.apache.catalina.core.ApplicationContext.log ContextListener: contextInitialized()
23-Feb-2025 11:15:27.622 INFO [main] org.apache.catalina.core.ApplicationContext.log SessionListener: contextInitialized()
23-Feb-2025 11:15:27.624 INFO [main] org.apache.catalina.core.ApplicationContext.log ContextListener: attributeAdded('StockTicker', 'async.Stockticker@37f21974')
23-Feb-2025 11:15:27.844 INFO [main] org.apache.catalina.core.ApplicationContext.log SessionListener: contextDestroyed()
23-Feb-2025 11:15:27.844 INFO [main] org.apache.catalina.core.ApplicationContext.log ContextListener: contextDestroyed()
23-Feb-2025 11:53:41.650 INFO [main] org.apache.catalina.core.ApplicationContext.log SessionListener: contextDestroyed()
23-Feb-2025 11:53:41.651 INFO [main] org.apache.catalina.core.ApplicationContext.log ContextListener: contextDestroyed()
23-Feb-2025 11:53:56.836 INFO [main] org.apache.catalina.core.ApplicationContext.log ContextListener: contextInitialized()
23-Feb-2025 11:53:56.836 INFO [main] org.apache.catalina.core.ApplicationContext.log SessionListener: contextInitialized()
23-Feb-2025 11:53:56.839 INFO [main] org.apache.catalina.core.ApplicationContext.log ContextListener: attributeAdded('StockTicker', 'async.Stockticker@551a20d6')
23-Feb-2025 14:31:57.660 INFO [main] org.apache.catalina.core.ApplicationContext.log ContextListener: contextInitialized()
23-Feb-2025 14:31:57.660 INFO [main] org.apache.catalina.core.ApplicationContext.log SessionListener: contextInitialized()
23-Feb-2025 14:31:57.664 INFO [main] org.apache.catalina.core.ApplicationContext.log ContextListener: attributeAdded('StockTicker', 'async.Stockticker@4a9e6faf')
23-Feb-2025 15:50:35.544 INFO [main] org.apache.catalina.core.ApplicationContext.log ContextListener: contextInitialized()
23-Feb-2025 15:50:35.544 INFO [main] org.apache.catalina.core.ApplicationContext.log SessionListener: contextInitialized()
23-Feb-2025 15:50:35.547 INFO [main] org.apache.catalina.core.ApplicationContext.log ContextListener: attributeAdded('StockTicker', 'async.Stockticker@4efcf8a')
23-Feb-2025 17:33:13.613 INFO [main] org.apache.catalina.core.ApplicationContext.log ContextListener: contextInitialized()
23-Feb-2025 17:33:13.613 INFO [main] org.apache.catalina.core.ApplicationContext.log SessionListener: contextInitialized()
23-Feb-2025 17:33:13.616 INFO [main] org.apache.catalina.core.ApplicationContext.log ContextListener: attributeAdded('StockTicker', 'async.Stockticker@2f7a7219')
23-Feb-2025 19:13:44.978 INFO [main] org.apache.catalina.core.ApplicationContext.log ContextListener: contextInitialized()
23-Feb-2025 19:13:44.978 INFO [main] org.apache.catalina.core.ApplicationContext.log SessionListener: contextInitialized()
23-Feb-2025 19:13:44.980 INFO [main] org.apache.catalina.core.ApplicationContext.log ContextListener: attributeAdded('StockTicker', 'async.Stockticker@6e46d9f4')
23-Feb-2025 19:23:51.867 INFO [main] org.apache.catalina.core.ApplicationContext.log SessionListener: contextDestroyed()
23-Feb-2025 19:23:51.867 INFO [main] org.apache.catalina.core.ApplicationContext.log ContextListener: contextDestroyed()
23-Feb-2025 19:46:29.923 INFO [main] org.apache.catalina.core.ApplicationContext.log ContextListener: contextInitialized()
23-Feb-2025 19:46:29.923 INFO [main] org.apache.catalina.core.ApplicationContext.log SessionListener: contextInitialized()
23-Feb-2025 19:46:29.923 INFO [main] org.apache.catalina.core.ApplicationContext.log ContextListener: attributeAdded('StockTicker', 'async.Stockticker@ec0c838')
23-Feb-2025 20:34:04.267 INFO [main] org.apache.catalina.core.ApplicationContext.log SessionListener: contextDestroyed()
23-Feb-2025 20:34:04.267 INFO [main] org.apache.catalina.core.ApplicationContext.log ContextListener: contextDestroyed()
23-Feb-2025 20:34:31.094 INFO [main] org.apache.catalina.core.ApplicationContext.log ContextListener: contextInitialized()
23-Feb-2025 20:34:31.094 INFO [main] org.apache.catalina.core.ApplicationContext.log SessionListener: contextInitialized()
23-Feb-2025 20:34:31.097 INFO [main] org.apache.catalina.core.ApplicationContext.log ContextListener: attributeAdded('StockTicker', 'async.Stockticker@74cec793')
23-Feb-2025 21:48:56.190 INFO [main] org.apache.catalina.core.ApplicationContext.log ContextListener: contextInitialized()
23-Feb-2025 21:48:56.190 INFO [main] org.apache.catalina.core.ApplicationContext.log SessionListener: contextInitialized()
23-Feb-2025 21:48:56.192 INFO [main] org.apache.catalina.core.ApplicationContext.log ContextListener: attributeAdded('StockTicker', 'async.Stockticker@2fab4aff')
23-Feb-2025 21:55:48.161 INFO [main] org.apache.catalina.core.ApplicationContext.log ContextListener: contextInitialized()
23-Feb-2025 21:55:48.162 INFO [main] org.apache.catalina.core.ApplicationContext.log SessionListener: contextInitialized()
23-Feb-2025 21:55:48.164 INFO [main] org.apache.catalina.core.ApplicationContext.log ContextListener: attributeAdded('StockTicker', 'async.Stockticker@5f4d427e')
23-Feb-2025 21:55:48.656 INFO [main] org.apache.catalina.core.ApplicationContext.log SessionListener: contextDestroyed()
23-Feb-2025 21:55:48.656 INFO [main] org.apache.catalina.core.ApplicationContext.log ContextListener: contextDestroyed()
