22-Feb-2025 05:40:11.628 INFO [main] org.apache.catalina.core.ApplicationContext.log ContextListener: contextInitialized()
22-Feb-2025 05:40:11.628 INFO [main] org.apache.catalina.core.ApplicationContext.log SessionListener: contextInitialized()
22-Feb-2025 05:40:11.630 INFO [main] org.apache.catalina.core.ApplicationContext.log ContextListener: attributeAdded('StockTicker', 'async.Stockticker@361c294e')
22-Feb-2025 06:07:45.101 INFO [main] org.apache.catalina.core.ApplicationContext.log ContextListener: contextInitialized()
22-Feb-2025 06:07:45.102 INFO [main] org.apache.catalina.core.ApplicationContext.log SessionListener: contextInitialized()
22-Feb-2025 06:07:45.103 INFO [main] org.apache.catalina.core.ApplicationContext.log ContextListener: attributeAdded('StockTicker', 'async.Stockticker@2cab9998')
22-Feb-2025 06:13:06.941 INFO [main] org.apache.catalina.core.ApplicationContext.log SessionListener: contextDestroyed()
22-Feb-2025 06:13:06.941 INFO [main] org.apache.catalina.core.ApplicationContext.log ContextListener: contextDestroyed()
22-Feb-2025 06:13:19.780 INFO [main] org.apache.catalina.core.ApplicationContext.log ContextListener: contextInitialized()
22-Feb-2025 06:13:19.780 INFO [main] org.apache.catalina.core.ApplicationContext.log SessionListener: contextInitialized()
22-Feb-2025 06:13:19.782 INFO [main] org.apache.catalina.core.ApplicationContext.log ContextListener: attributeAdded('StockTicker', 'async.Stockticker@4a8a60bc')
22-Feb-2025 06:56:42.918 INFO [main] org.apache.catalina.core.ApplicationContext.log ContextListener: contextInitialized()
22-Feb-2025 06:56:42.919 INFO [main] org.apache.catalina.core.ApplicationContext.log SessionListener: contextInitialized()
22-Feb-2025 06:56:42.920 INFO [main] org.apache.catalina.core.ApplicationContext.log ContextListener: attributeAdded('StockTicker', 'async.Stockticker@6ea1bcdc')
22-Feb-2025 06:56:43.021 INFO [main] org.apache.catalina.core.ApplicationContext.log SessionListener: contextDestroyed()
22-Feb-2025 06:56:43.021 INFO [main] org.apache.catalina.core.ApplicationContext.log ContextListener: contextDestroyed()
22-Feb-2025 06:56:50.310 INFO [main] org.apache.catalina.core.ApplicationContext.log ContextListener: contextInitialized()
22-Feb-2025 06:56:50.310 INFO [main] org.apache.catalina.core.ApplicationContext.log SessionListener: contextInitialized()
22-Feb-2025 06:56:50.312 INFO [main] org.apache.catalina.core.ApplicationContext.log ContextListener: attributeAdded('StockTicker', 'async.Stockticker@26be6ca7')
22-Feb-2025 06:56:50.420 INFO [main] org.apache.catalina.core.ApplicationContext.log SessionListener: contextDestroyed()
22-Feb-2025 06:56:50.420 INFO [main] org.apache.catalina.core.ApplicationContext.log ContextListener: contextDestroyed()
22-Feb-2025 11:29:23.239 INFO [main] org.apache.catalina.core.ApplicationContext.log ContextListener: contextInitialized()
22-Feb-2025 11:29:23.239 INFO [main] org.apache.catalina.core.ApplicationContext.log SessionListener: contextInitialized()
22-Feb-2025 11:29:23.243 INFO [main] org.apache.catalina.core.ApplicationContext.log ContextListener: attributeAdded('StockTicker', 'async.Stockticker@4e4efc1b')
22-Feb-2025 12:11:40.583 INFO [main] org.apache.catalina.core.ApplicationContext.log ContextListener: contextInitialized()
22-Feb-2025 12:11:40.583 INFO [main] org.apache.catalina.core.ApplicationContext.log SessionListener: contextInitialized()
22-Feb-2025 12:11:40.586 INFO [main] org.apache.catalina.core.ApplicationContext.log ContextListener: attributeAdded('StockTicker', 'async.Stockticker@4a9e6faf')
22-Feb-2025 15:26:50.833 INFO [main] org.apache.catalina.core.ApplicationContext.log ContextListener: contextInitialized()
22-Feb-2025 15:26:50.834 INFO [main] org.apache.catalina.core.ApplicationContext.log SessionListener: contextInitialized()
22-Feb-2025 15:26:50.838 INFO [main] org.apache.catalina.core.ApplicationContext.log ContextListener: attributeAdded('StockTicker', 'async.Stockticker@560cbf1a')
22-Feb-2025 18:08:50.920 INFO [main] org.apache.catalina.core.ApplicationContext.log ContextListener: contextInitialized()
22-Feb-2025 18:08:50.920 INFO [main] org.apache.catalina.core.ApplicationContext.log SessionListener: contextInitialized()
22-Feb-2025 18:08:50.922 INFO [main] org.apache.catalina.core.ApplicationContext.log ContextListener: attributeAdded('StockTicker', 'async.Stockticker@138fe6ec')
